2025-03-26 04:28:51,084 - main - DEBUG - Logging initialized
2025-03-26 04:28:51,087 - main - INFO - Environment variables loaded
2025-03-26 04:28:51,087 - main - INFO - GEMINI_API_KEY present: True
2025-03-26 04:28:51,090 - content_generator - INFO - Initializing ContentGenerator with Hugging Face
2025-03-26 04:28:51,090 - content_generator - INFO - Initialized with model: mistralai/Mixtral-8x7B-Instruct-v0.1
2025-03-26 04:28:51,091 - asyncio - DEBUG - Using proactor: IocpProactor
2025-03-26 04:28:51,095 - urllib3.connectionpool - DEBUG - Starting new HTTPS connection (1): router.huggingface.co:443
2025-03-26 04:28:55,410 - urllib3.connectionpool - DEBUG - https://router.huggingface.co:443 "POST /hf-inference/models/mistralai/Mixtral-8x7B-Instruct-v0.1 HTTP/1.1" 200 None
2025-03-26 04:28:57,987 - urllib3.connectionpool - DEBUG - https://router.huggingface.co:443 "POST /hf-inference/models/mistralai/Mixtral-8x7B-Instruct-v0.1 HTTP/1.1" 200 None
2025-03-26 04:28:58,605 - urllib3.connectionpool - DEBUG - https://router.huggingface.co:443 "POST /hf-inference/models/mistralai/Mixtral-8x7B-Instruct-v0.1 HTTP/1.1" 200 None
2025-03-26 04:28:58,605 - main - INFO - Processing post for topic: 2025 Data Analytics Insights
2025-03-26 04:28:58,608 - WDM - INFO - ====== WebDriver manager ======
2025-03-26 04:28:59,618 - WDM - INFO - Get LATEST chromedriver version for google-chrome
2025-03-26 04:28:59,620 - urllib3.connectionpool - DEBUG - Starting new HTTPS connection (1): googlechromelabs.github.io:443
2025-03-26 04:28:59,811 - urllib3.connectionpool - DEBUG - https://googlechromelabs.github.io:443 "GET /chrome-for-testing/latest-patch-versions-per-build.json HTTP/1.1" 200 10331
2025-03-26 04:28:59,815 - WDM - INFO - Get LATEST chromedriver version for google-chrome
2025-03-26 04:28:59,818 - urllib3.connectionpool - DEBUG - Starting new HTTPS connection (1): googlechromelabs.github.io:443
2025-03-26 04:28:59,997 - urllib3.connectionpool - DEBUG - https://googlechromelabs.github.io:443 "GET /chrome-for-testing/latest-patch-versions-per-build.json HTTP/1.1" 200 10331
2025-03-26 04:29:00,006 - WDM - INFO - Driver [C:\Users\Hezron Kimutai\.wdm\drivers\chromedriver\win64\134.0.6998.165\chromedriver-win32/chromedriver.exe] found in cache
2025-03-26 04:29:00,008 - selenium.webdriver.common.driver_finder - DEBUG - Skipping Selenium Manager; path to chrome driver specified in Service class: C:\Users\Hezron Kimutai\.wdm\drivers\chromedriver\win64\134.0.6998.165\chromedriver-win32/chromedriver.exe
2025-03-26 04:29:00,016 - selenium.webdriver.common.service - DEBUG - Started executable: `C:\Users\Hezron Kimutai\.wdm\drivers\chromedriver\win64\134.0.6998.165\chromedriver-win32/chromedriver.exe` in a child process with pid: 21308 using 0 to output -3
2025-03-26 04:29:00,530 - selenium.webdriver.remote.remote_connection - DEBUG - POST http://localhost:59509/session {'capabilities': {'firstMatch': [{}], 'alwaysMatch': {'browserName': 'chrome', 'pageLoadStrategy': <PageLoadStrategy.normal: 'normal'>, 'goog:chromeOptions': {'excludeSwitches': ['enable-automation'], 'useAutomationExtension': False, 'extensions': [], 'args': ['--headless', '--no-sandbox', '--disable-dev-shm-usage', '--disable-gpu', '--window-size=1920,1080', '--start-maximized', '--disable-blink-features=AutomationControlled', '--user-data-dir=/tmp/chrome-data', '--remote-debugging-port=9222']}}}}
2025-03-26 04:29:00,532 - urllib3.connectionpool - DEBUG - Starting new HTTP connection (1): localhost:59509
2025-03-26 04:29:00,940 - urllib3.connectionpool - DEBUG - http://localhost:59509 "POST /session HTTP/1.1" 200 0
2025-03-26 04:29:00,941 - selenium.webdriver.remote.remote_connection - DEBUG - Remote response: status=200 | data={"value":{"capabilities":{"acceptInsecureCerts":false,"browserName":"chrome","browserVersion":"134.0.6998.165","chrome":{"chromedriverVersion":"134.0.6998.165 (fd886e2cb29dd984c13deec032832dee68d8abe3-refs/branch-heads/6998@{#2122})","userDataDir":"/tmp/chrome-data"},"fedcm:accounts":true,"goog:chromeOptions":{"debuggerAddress":"localhost:9222"},"networkConnectionEnabled":false,"pageLoadStrategy":"normal","platformName":"windows","proxy":{},"setWindowRect":true,"strictFileInteractability":false,"timeouts":{"implicit":0,"pageLoad":300000,"script":30000},"unhandledPromptBehavior":"dismiss and notify","webauthn:extension:credBlob":true,"webauthn:extension:largeBlob":true,"webauthn:extension:minPinLength":true,"webauthn:extension:prf":true,"webauthn:virtualAuthenticators":true},"sessionId":"e7cad1ac0f18e1ccd3948d395dc6c89e"}} | headers=HTTPHeaderDict({'Content-Length': '833', 'Content-Type': 'application/json; charset=utf-8', 'cache-control': 'no-cache'})
2025-03-26 04:29:00,942 - selenium.webdriver.remote.remote_connection - DEBUG - Finished Request
2025-03-26 04:29:00,942 - selenium.webdriver.remote.remote_connection - DEBUG - POST http://localhost:59509/session/e7cad1ac0f18e1ccd3948d395dc6c89e/execute/sync {'script': "Object.defineProperty(navigator, 'webdriver', {get: () => undefined})", 'args': []}
2025-03-26 04:29:01,038 - urllib3.connectionpool - DEBUG - http://localhost:59509 "POST /session/e7cad1ac0f18e1ccd3948d395dc6c89e/execute/sync HTTP/1.1" 200 0
2025-03-26 04:29:01,039 - selenium.webdriver.remote.remote_connection - DEBUG - Remote response: status=200 | data={"value":null} | headers=HTTPHeaderDict({'Content-Length': '14', 'Content-Type': 'application/json; charset=utf-8', 'cache-control': 'no-cache'})
2025-03-26 04:29:01,040 - selenium.webdriver.remote.remote_connection - DEBUG - Finished Request
2025-03-26 04:29:01,041 - selenium.webdriver.remote.remote_connection - DEBUG - POST http://localhost:59509/session/e7cad1ac0f18e1ccd3948d395dc6c89e/url {'url': 'https://www.linkedin.com/oauth/v2/authorization?response_type=code&client_id=774q1m523tz2oi&redirect...'}
2025-03-26 04:29:03,126 - urllib3.connectionpool - DEBUG - http://localhost:59509 "POST /session/e7cad1ac0f18e1ccd3948d395dc6c89e/url HTTP/1.1" 200 0
2025-03-26 04:29:03,127 - selenium.webdriver.remote.remote_connection - DEBUG - Remote response: status=200 | data={"value":null} | headers=HTTPHeaderDict({'Content-Length': '14', 'Content-Type': 'application/json; charset=utf-8', 'cache-control': 'no-cache'})
2025-03-26 04:29:03,128 - selenium.webdriver.remote.remote_connection - DEBUG - Finished Request
2025-03-26 04:29:03,129 - selenium.webdriver.remote.remote_connection - DEBUG - POST http://localhost:59509/session/e7cad1ac0f18e1ccd3948d395dc6c89e/element {'using': 'css selector', 'value': '[id="username"]'}
2025-03-26 04:29:03,152 - urllib3.connectionpool - DEBUG - http://localhost:59509 "POST /session/e7cad1ac0f18e1ccd3948d395dc6c89e/element HTTP/1.1" 200 0
2025-03-26 04:29:03,152 - selenium.webdriver.remote.remote_connection - DEBUG - Remote response: status=200 | data={"value":{"element-6066-11e4-a52e-4f735466cecf":"f.BC42CCCF246A3DB5B94CD05CDAA16496.d.2ED50B7A5C9A7722C65F8DD8740E24AF.e.2"}} | headers=HTTPHeaderDict({'Content-Length': '125', 'Content-Type': 'application/json; charset=utf-8', 'cache-control': 'no-cache'})
2025-03-26 04:29:03,153 - selenium.webdriver.remote.remote_connection - DEBUG - Finished Request
2025-03-26 04:29:03,154 - selenium.webdriver.remote.remote_connection - DEBUG - POST http://localhost:59509/session/e7cad1ac0f18e1ccd3948d395dc6c89e/element/f.BC42CCCF246A3DB5B94CD05CDAA16496.d.2ED50B7A5C9A7722C65F8DD8740E24AF.e.2/value {'text': 'hezronchelimo.hc@gmail.com', 'value': ['h', 'e', 'z', 'r', 'o', 'n', 'c', 'h', 'e', 'l', 'i', 'm', 'o', '.', 'h', 'c', '@', 'g', 'm', 'a', 'i', 'l', '.', 'c', 'o', 'm']}
2025-03-26 04:29:03,274 - urllib3.connectionpool - DEBUG - http://localhost:59509 "POST /session/e7cad1ac0f18e1ccd3948d395dc6c89e/element/f.BC42CCCF246A3DB5B94CD05CDAA16496.d.2ED50B7A5C9A7722C65F8DD8740E24AF.e.2/value HTTP/1.1" 200 0
2025-03-26 04:29:03,274 - selenium.webdriver.remote.remote_connection - DEBUG - Remote response: status=200 | data={"value":null} | headers=HTTPHeaderDict({'Content-Length': '14', 'Content-Type': 'application/json; charset=utf-8', 'cache-control': 'no-cache'})
2025-03-26 04:29:03,275 - selenium.webdriver.remote.remote_connection - DEBUG - Finished Request
2025-03-26 04:29:03,276 - selenium.webdriver.remote.remote_connection - DEBUG - POST http://localhost:59509/session/e7cad1ac0f18e1ccd3948d395dc6c89e/element {'using': 'css selector', 'value': '[id="password"]'}
2025-03-26 04:29:03,301 - urllib3.connectionpool - DEBUG - http://localhost:59509 "POST /session/e7cad1ac0f18e1ccd3948d395dc6c89e/element HTTP/1.1" 200 0
2025-03-26 04:29:03,302 - selenium.webdriver.remote.remote_connection - DEBUG - Remote response: status=200 | data={"value":{"element-6066-11e4-a52e-4f735466cecf":"f.BC42CCCF246A3DB5B94CD05CDAA16496.d.2ED50B7A5C9A7722C65F8DD8740E24AF.e.4"}} | headers=HTTPHeaderDict({'Content-Length': '125', 'Content-Type': 'application/json; charset=utf-8', 'cache-control': 'no-cache'})
2025-03-26 04:29:03,303 - selenium.webdriver.remote.remote_connection - DEBUG - Finished Request
2025-03-26 04:29:03,304 - selenium.webdriver.remote.remote_connection - DEBUG - POST http://localhost:59509/session/e7cad1ac0f18e1ccd3948d395dc6c89e/element/f.BC42CCCF246A3DB5B94CD05CDAA16496.d.2ED50B7A5C9A7722C65F8DD8740E24AF.e.4/value {'text': 'Kim@Hezz@1996', 'value': ['K', 'i', 'm', '@', 'H', 'e', 'z', 'z', '@', '1', '9', '9', '6']}
2025-03-26 04:29:03,362 - urllib3.connectionpool - DEBUG - http://localhost:59509 "POST /session/e7cad1ac0f18e1ccd3948d395dc6c89e/element/f.BC42CCCF246A3DB5B94CD05CDAA16496.d.2ED50B7A5C9A7722C65F8DD8740E24AF.e.4/value HTTP/1.1" 200 0
2025-03-26 04:29:03,363 - selenium.webdriver.remote.remote_connection - DEBUG - Remote response: status=200 | data={"value":null} | headers=HTTPHeaderDict({'Content-Length': '14', 'Content-Type': 'application/json; charset=utf-8', 'cache-control': 'no-cache'})
2025-03-26 04:29:03,363 - selenium.webdriver.remote.remote_connection - DEBUG - Finished Request
2025-03-26 04:29:03,364 - selenium.webdriver.remote.remote_connection - DEBUG - POST http://localhost:59509/session/e7cad1ac0f18e1ccd3948d395dc6c89e/element {'using': 'css selector', 'value': "button[type='submit']"}
2025-03-26 04:29:03,378 - urllib3.connectionpool - DEBUG - http://localhost:59509 "POST /session/e7cad1ac0f18e1ccd3948d395dc6c89e/element HTTP/1.1" 200 0
2025-03-26 04:29:03,378 - selenium.webdriver.remote.remote_connection - DEBUG - Remote response: status=200 | data={"value":{"element-6066-11e4-a52e-4f735466cecf":"f.BC42CCCF246A3DB5B94CD05CDAA16496.d.2ED50B7A5C9A7722C65F8DD8740E24AF.e.21"}} | headers=HTTPHeaderDict({'Content-Length': '126', 'Content-Type': 'application/json; charset=utf-8', 'cache-control': 'no-cache'})
2025-03-26 04:29:03,382 - selenium.webdriver.remote.remote_connection - DEBUG - Finished Request
2025-03-26 04:29:03,383 - selenium.webdriver.remote.remote_connection - DEBUG - POST http://localhost:59509/session/e7cad1ac0f18e1ccd3948d395dc6c89e/element/f.BC42CCCF246A3DB5B94CD05CDAA16496.d.2ED50B7A5C9A7722C65F8DD8740E24AF.e.21/click {}
2025-03-26 04:29:07,019 - urllib3.connectionpool - DEBUG - http://localhost:59509 "POST /session/e7cad1ac0f18e1ccd3948d395dc6c89e/element/f.BC42CCCF246A3DB5B94CD05CDAA16496.d.2ED50B7A5C9A7722C65F8DD8740E24AF.e.21/click HTTP/1.1" 200 0
2025-03-26 04:29:07,020 - selenium.webdriver.remote.remote_connection - DEBUG - Remote response: status=200 | data={"value":null} | headers=HTTPHeaderDict({'Content-Length': '14', 'Content-Type': 'application/json; charset=utf-8', 'cache-control': 'no-cache'})
2025-03-26 04:29:07,020 - selenium.webdriver.remote.remote_connection - DEBUG - Finished Request
2025-03-26 04:29:07,023 - selenium.webdriver.remote.remote_connection - DEBUG - GET http://localhost:59509/session/e7cad1ac0f18e1ccd3948d395dc6c89e/url {}
2025-03-26 04:29:07,033 - urllib3.connectionpool - DEBUG - http://localhost:59509 "GET /session/e7cad1ac0f18e1ccd3948d395dc6c89e/url HTTP/1.1" 200 0
2025-03-26 04:29:07,035 - selenium.webdriver.remote.remote_connection - DEBUG - Remote response: status=200 | data={"value":"http://localhost:8000/callback?code=AQTh96EOKLVZnvQ0GQ2itwZQ1w8zUruRmb-PoUYvLqQATj-hM4QajyCLYiLJc0LgyfGTjtef6e23XoLg5RCb44Of-zRb6kQpcvTTY6ul5od5dY1ogJuTEtcdQgGJcay7FL0IKSj9d4zfCtslLnyxzUHXRbiS6yOd6IFBWsUPY_jb2qEDvXTuPuEL6C_zFvVQycyNblSPbZUnMz5Fekg"} | headers=HTTPHeaderDict({'Content-Length': '259', 'Content-Type': 'application/json; charset=utf-8', 'cache-control': 'no-cache'})
2025-03-26 04:29:07,038 - selenium.webdriver.remote.remote_connection - DEBUG - Finished Request
2025-03-26 04:29:07,039 - selenium.webdriver.remote.remote_connection - DEBUG - GET http://localhost:59509/session/e7cad1ac0f18e1ccd3948d395dc6c89e/url {}
2025-03-26 04:29:07,048 - urllib3.connectionpool - DEBUG - http://localhost:59509 "GET /session/e7cad1ac0f18e1ccd3948d395dc6c89e/url HTTP/1.1" 200 0
2025-03-26 04:29:07,052 - selenium.webdriver.remote.remote_connection - DEBUG - Remote response: status=200 | data={"value":"http://localhost:8000/callback?code=AQTh96EOKLVZnvQ0GQ2itwZQ1w8zUruRmb-PoUYvLqQATj-hM4QajyCLYiLJc0LgyfGTjtef6e23XoLg5RCb44Of-zRb6kQpcvTTY6ul5od5dY1ogJuTEtcdQgGJcay7FL0IKSj9d4zfCtslLnyxzUHXRbiS6yOd6IFBWsUPY_jb2qEDvXTuPuEL6C_zFvVQycyNblSPbZUnMz5Fekg"} | headers=HTTPHeaderDict({'Content-Length': '259', 'Content-Type': 'application/json; charset=utf-8', 'cache-control': 'no-cache'})
2025-03-26 04:29:07,055 - selenium.webdriver.remote.remote_connection - DEBUG - Finished Request
2025-03-26 04:29:07,057 - selenium.webdriver.remote.remote_connection - DEBUG - GET http://localhost:59509/session/e7cad1ac0f18e1ccd3948d395dc6c89e/url {}
2025-03-26 04:29:07,068 - urllib3.connectionpool - DEBUG - http://localhost:59509 "GET /session/e7cad1ac0f18e1ccd3948d395dc6c89e/url HTTP/1.1" 200 0
2025-03-26 04:29:07,069 - selenium.webdriver.remote.remote_connection - DEBUG - Remote response: status=200 | data={"value":"http://localhost:8000/callback?code=AQTh96EOKLVZnvQ0GQ2itwZQ1w8zUruRmb-PoUYvLqQATj-hM4QajyCLYiLJc0LgyfGTjtef6e23XoLg5RCb44Of-zRb6kQpcvTTY6ul5od5dY1ogJuTEtcdQgGJcay7FL0IKSj9d4zfCtslLnyxzUHXRbiS6yOd6IFBWsUPY_jb2qEDvXTuPuEL6C_zFvVQycyNblSPbZUnMz5Fekg"} | headers=HTTPHeaderDict({'Content-Length': '259', 'Content-Type': 'application/json; charset=utf-8', 'cache-control': 'no-cache'})
2025-03-26 04:29:07,073 - selenium.webdriver.remote.remote_connection - DEBUG - Finished Request
2025-03-26 04:29:07,078 - selenium.webdriver.remote.remote_connection - DEBUG - DELETE http://localhost:59509/session/e7cad1ac0f18e1ccd3948d395dc6c89e {}
2025-03-26 04:29:07,238 - urllib3.connectionpool - DEBUG - http://localhost:59509 "DELETE /session/e7cad1ac0f18e1ccd3948d395dc6c89e HTTP/1.1" 200 0
2025-03-26 04:29:07,239 - selenium.webdriver.remote.remote_connection - DEBUG - Remote response: status=200 | data={"value":null} | headers=HTTPHeaderDict({'Content-Length': '14', 'Content-Type': 'application/json; charset=utf-8', 'cache-control': 'no-cache'})
2025-03-26 04:29:07,240 - selenium.webdriver.remote.remote_connection - DEBUG - Finished Request
2025-03-26 04:29:11,946 - main - INFO - Post published successfully
